1606207257965	mozrunner::runner	INFO	Running command: "/Applications/Firefox.app/Contents/MacOS/firefox-bin" "-marionette" "-foreground" "-no-remote" "-profile" "/var/folders/dc/r642wkmn5vl1hk633qxzt7g00000gn/T/rust_mozprofile.do1SCeHvgsHp"
1606207263603	Marionette	INFO	Listening on port 49218
1606207263703	Marionette	WARN	TLS certificate errors will be ignored for this session
JavaScript error: resource://gre/modules/URIFixup.jsm, line 271: NS_ERROR_FAILURE: Should pass a non-null uri
1606207276763	Marionette	INFO	Stopped listening on port 49218
1606207340272	mozrunner::runner	INFO	Running command: "/Applications/Firefox.app/Contents/MacOS/firefox-bin" "-marionette" "-foreground" "-no-remote" "-profile" "/var/folders/dc/r642wkmn5vl1hk633qxzt7g00000gn/T/rust_mozprofile.SQ6YfCYoC0qg"
1606207342796	Marionette	INFO	Listening on port 49930
1606207342829	Marionette	WARN	TLS certificate errors will be ignored for this session
JavaScript error: resource://gre/modules/URIFixup.jsm, line 271: NS_ERROR_FAILURE: Should pass a non-null uri
1606207353422	Marionette	INFO	Stopped listening on port 49930
IPDL protocol error: Handler returned error code!

###!!! [Parent][DispatchAsyncMessage] Error: PLayerTransaction::Msg_ReleaseLayer Processing error: message was deserialized, but the handler returned false (indicating failure)

1606207482526	mozrunner::runner	INFO	Running command: "/Applications/Firefox.app/Contents/MacOS/firefox-bin" "-marionette" "-foreground" "-no-remote" "-profile" "/var/folders/dc/r642wkmn5vl1hk633qxzt7g00000gn/T/rust_mozprofile.3QhZALBAls9D"
1606207485219	Marionette	INFO	Listening on port 50865
1606207485320	Marionette	WARN	TLS certificate errors will be ignored for this session
JavaScript error: resource://gre/modules/URIFixup.jsm, line 271: NS_ERROR_FAILURE: Should pass a non-null uri
1606207497282	Marionette	INFO	Stopped listening on port 50865
1606208072289	mozrunner::runner	INFO	Running command: "/Applications/Firefox.app/Contents/MacOS/firefox-bin" "-marionette" "-foreground" "-no-remote" "-profile" "/var/folders/dc/r642wkmn5vl1hk633qxzt7g00000gn/T/rust_mozprofile.oaUvctAtqWaz"
1606208075129	Marionette	INFO	Listening on port 53870
1606208075314	Marionette	WARN	TLS certificate errors will be ignored for this session
JavaScript error: resource://gre/modules/URIFixup.jsm, line 271: NS_ERROR_FAILURE: Should pass a non-null uri
1606208087862	Marionette	INFO	Stopped listening on port 53870
1606208453155	mozrunner::runner	INFO	Running command: "/Applications/Firefox.app/Contents/MacOS/firefox-bin" "-marionette" "-foreground" "-no-remote" "-profile" "/var/folders/dc/r642wkmn5vl1hk633qxzt7g00000gn/T/rust_mozprofile.F1ARgf1eeiUj"
1606208456609	Marionette	INFO	Listening on port 55840
1606208456654	Marionette	WARN	TLS certificate errors will be ignored for this session
JavaScript error: resource://gre/modules/URIFixup.jsm, line 271: NS_ERROR_FAILURE: Should pass a non-null uri
1606208470809	Marionette	INFO	Stopped listening on port 55840
1606208898020	mozrunner::runner	INFO	Running command: "/Applications/Firefox.app/Contents/MacOS/firefox-bin" "-marionette" "-foreground" "-no-remote" "-profile" "/var/folders/dc/r642wkmn5vl1hk633qxzt7g00000gn/T/rust_mozprofile.CkFb2fdbuWzO"
1606208901083	Marionette	INFO	Listening on port 58117
1606208901177	Marionette	WARN	TLS certificate errors will be ignored for this session
JavaScript error: resource://gre/modules/URIFixup.jsm, line 271: NS_ERROR_FAILURE: Should pass a non-null uri
1606208914437	Marionette	INFO	Stopped listening on port 58117
1606209685963	mozrunner::runner	INFO	Running command: "/Applications/Firefox.app/Contents/MacOS/firefox-bin" "-marionette" "-foreground" "-no-remote" "-profile" "/var/folders/dc/r642wkmn5vl1hk633qxzt7g00000gn/T/rust_mozprofile.Lb31UkzBE8aP"
1606209689158	Marionette	INFO	Listening on port 62122
1606209689202	Marionette	WARN	TLS certificate errors will be ignored for this session
JavaScript error: resource://gre/modules/URIFixup.jsm, line 271: NS_ERROR_FAILURE: Should pass a non-null uri
1606209698035	Marionette	INFO	Stopped listening on port 62122
1606211083101	mozrunner::runner	INFO	Running command: "/Applications/Firefox.app/Contents/MacOS/firefox-bin" "-marionette" "-foreground" "-no-remote" "-profile" "/var/folders/dc/r642wkmn5vl1hk633qxzt7g00000gn/T/rust_mozprofile.W0pOjcav99CQ"
1606211087420	Marionette	INFO	Listening on port 52150
1606211087502	Marionette	WARN	TLS certificate errors will be ignored for this session
JavaScript error: resource://gre/modules/URIFixup.jsm, line 271: NS_ERROR_FAILURE: Should pass a non-null uri
1606211095853	Marionette	INFO	Stopped listening on port 52150
1606211186036	mozrunner::runner	INFO	Running command: "/Applications/Firefox.app/Contents/MacOS/firefox-bin" "-marionette" "-foreground" "-no-remote" "-profile" "/var/folders/dc/r642wkmn5vl1hk633qxzt7g00000gn/T/rust_mozprofile.jepfF44UrYZO"
1606211188459	Marionette	INFO	Listening on port 52832
1606211188570	Marionette	WARN	TLS certificate errors will be ignored for this session
JavaScript error: resource://gre/modules/URIFixup.jsm, line 271: NS_ERROR_FAILURE: Should pass a non-null uri
1606211196301	Marionette	INFO	Stopped listening on port 52832
1606211321486	mozrunner::runner	INFO	Running command: "/Applications/Firefox.app/Contents/MacOS/firefox-bin" "-marionette" "-foreground" "-no-remote" "-profile" "/var/folders/dc/r642wkmn5vl1hk633qxzt7g00000gn/T/rust_mozprofile.tvBlQEke58kP"
1606211324930	Marionette	INFO	Listening on port 53702
1606211324989	Marionette	WARN	TLS certificate errors will be ignored for this session
JavaScript error: resource://gre/modules/URIFixup.jsm, line 271: NS_ERROR_FAILURE: Should pass a non-null uri
1606211332088	Marionette	INFO	Stopped listening on port 53702
1606211458259	mozrunner::runner	INFO	Running command: "/Applications/Firefox.app/Contents/MacOS/firefox-bin" "-marionette" "-foreground" "-no-remote" "-profile" "/var/folders/dc/r642wkmn5vl1hk633qxzt7g00000gn/T/rust_mozprofile.gCZ7Xi6q7rvA"
1606211462108	Marionette	INFO	Listening on port 54519
1606211462143	Marionette	WARN	TLS certificate errors will be ignored for this session
JavaScript error: resource://gre/modules/URIFixup.jsm, line 271: NS_ERROR_FAILURE: Should pass a non-null uri
1606211471860	Marionette	INFO	Stopped listening on port 54519
